<?xml version="1.0" encoding="UTF-8"?>
<!-- Generated by org.testng.reporters.JUnitReportReporter -->
<testsuite skipped="0" hostname="Samar-Sameh" name="org.example.testRunner.runners" tests="1" failures="0" timestamp="2022-07-17T00:19:57 EET" time="18.787" errors="0">
  <testcase name="runScenario" time="18.787" classname="org.example.testRunner.runners"/>
  <system-out/>
</testsuite> <!-- org.example.testRunner.runners -->
